Arguments: 
  /usr/local/bin/node /usr/local/Cellar/yarn/1.21.1/libexec/bin/yarn.js install

PATH: 
  /usr/local/bin:/usr/bin:/bin:/usr/sbin:/sbin

Yarn version: 
  1.21.1

Node version: 
  13.6.0

Platform: 
  darwin x64

Trace: 
  Error: Failed to replace env in config: ${NPM_TOKEN}
      at /usr/local/Cellar/yarn/1.21.1/libexec/lib/cli.js:98790:13
      at String.replace (<anonymous>)
      at envReplace (/usr/local/Cellar/yarn/1.21.1/libexec/lib/cli.js:98785:16)
      at Function.normalizeConfig (/usr/local/Cellar/yarn/1.21.1/libexec/lib/cli.js:31887:69)
      at NpmRegistry.<anonymous> (/usr/local/Cellar/yarn/1.21.1/libexec/lib/cli.js:31917:34)
      at Generator.next (<anonymous>)
      at step (/usr/local/Cellar/yarn/1.21.1/libexec/lib/cli.js:310:30)
      at /usr/local/Cellar/yarn/1.21.1/libexec/lib/cli.js:321:13

npm manifest: 
  {
    "name": "eszutils",
    "version": "1.1.31",
    "main": "dist/index.js",
    "types": "dist/index.d.ts",
    "repository": "https://github.com/manuszep/esUtils.git",
    "author": "Emmanuel Szep",
    "license": "MIT",
    "devDependencies": {
      "@types/classnames": "^2.2.8",
      "@types/jump.js": "^1.0.2",
      "@types/pikaday": "^1.7.4",
      "@types/react": "^16.8.22",
      "@types/react-autocomplete": "^1.8.5",
      "@types/react-collapse": "^4.0.2",
      "@types/react-gtm-module": "^2.0.0",
      "@types/react-redux": "^7.1.0",
      "@types/redux": "^3.6.0",
      "@types/redux-form": "^8.1.4",
      "@types/redux-thunk": "^2.1.0",
      "axios": "^0.19.0",
      "classnames": "^2.2.6",
      "immutability-helper": "^3.0.1",
      "jump.js": "^1.0.2",
      "pikaday": "^1.8.0",
      "query-string": "^6.8.1",
      "query-string-for-all": "^6.8.3",
      "react": "^16.8.6",
      "react-autocomplete": "^1.8.1",
      "react-collapse": "^4.0.3",
      "react-ga": "^2.6.0",
      "react-gtm-module": "^2.0.8",
      "react-redux": "^7.1.0",
      "redux-form": "^8.2.4",
      "rimraf": "^3.0.0",
      "typescript": "^3.5.1"
    },
    "scripts": {
      "build": "rimraf dist && tsc"
    },
    "dependencies": {
      "moment": "^2.24.0"
    }
  }

yarn manifest: 
  No manifest

Lockfile: 
  # THIS IS AN AUTOGENERATED FILE. DO NOT EDIT THIS FILE DIRECTLY.
  # yarn lockfile v1
  
  
  "@babel/code-frame@^7.0.0":
    version "7.8.3"
    resolved "http://localhost:4873/@babel%2fcode-frame/-/code-frame-7.8.3.tgz#33e25903d7481181534e12ec0a25f16b6fcf419e"
    integrity sha512-a9gxpmdXtZEInkCSHUJDLHZVBgb1QS0jhss4cPP93EW7s+uC5bikET2twEF3KV+7rDblJcmNvTR7VJejqd2C2g==
    dependencies:
      "@babel/highlight" "^7.8.3"
  
  "@babel/highlight@^7.8.3":
    version "7.8.3"
    resolved "http://localhost:4873/@babel%2fhighlight/-/highlight-7.8.3.tgz#28f173d04223eaaa59bc1d439a3836e6d1265797"
    integrity sha512-PX4y5xQUvy0fnEVHrYOarRPXVWafSjTW9T0Hab8gVIawpl2Sj0ORyrygANq+KjcNlSSTw0YCLSNA8OyZ1I4yEg==
    dependencies:
      chalk "^2.0.0"
      esutils "^2.0.2"
      js-tokens "^4.0.0"
  
  "@babel/runtime@^7.2.0":
    version "7.5.4"
    resolved "https://registry.yarnpkg.com/@babel/runtime/-/runtime-7.5.4.tgz#cb7d1ad7c6d65676e66b47186577930465b5271b"
    integrity sha512-Na84uwyImZZc3FKf4aUF1tysApzwf3p2yuFBIyBfbzT5glzKTdvYI4KVW4kcgjrzoGUjC7w3YyCHcJKaRxsr2Q==
    dependencies:
      regenerator-runtime "^0.13.2"
  
  "@babel/runtime@^7.4.5":
    version "7.4.5"
    resolved "https://registry.yarnpkg.com/@babel/runtime/-/runtime-7.4.5.tgz#582bb531f5f9dc67d2fcb682979894f75e253f12"
    integrity sha512-TuI4qpWZP6lGOGIuGWtp9sPluqYICmbk8T/1vpSysqJxRPkudh/ofFWyqdcMsDf2s7KvDL4/YHgKyvcS3g9CJQ==
    dependencies:
      regenerator-runtime "^0.13.2"
  
  "@fimbul/bifrost@^0.21.0":
    version "0.21.0"
    resolved "http://localhost:4873/@fimbul%2fbifrost/-/bifrost-0.21.0.tgz#d0fafa25938fda475657a6a1e407a21bbe02c74e"
    integrity sha512-ou8VU+nTmOW1jeg+FT+sn+an/M0Xb9G16RucrfhjXGWv1Q97kCoM5CG9Qj7GYOSdu7km72k7nY83Eyr53Bkakg==
    dependencies:
      "@fimbul/ymir" "^0.21.0"
      get-caller-file "^2.0.0"
      tslib "^1.8.1"
      tsutils "^3.5.0"
  
  "@fimbul/ymir@^0.21.0":
    version "0.21.0"
    resolved "http://localhost:4873/@fimbul%2fymir/-/ymir-0.21.0.tgz#8525726787aceeafd4e199472c0d795160b5d4a1"
    integrity sha512-T/y7WqPsm4n3zhT08EpB5sfdm2Kvw3gurAxr2Lr5dQeLi8ZsMlNT/Jby+ZmuuAAd1PnXYzKp+2SXgIkQIIMCUg==
    dependencies:
      inversify "^5.0.0"
      reflect-metadata "^0.1.12"
      tslib "^1.8.1"
  
  "@types/classnames@^2.2.8":
    version "2.2.8"
    resolved "https://registry.yarnpkg.com/@types/classnames/-/classnames-2.2.8.tgz#17139e1e1104203572caa4368f6796f6225b70b4"
    integrity sha512-3UrLzPnz8u+MMXuJTF++389IfLSQUbl5F3ry9WCxva0BKG5H/oo5NuPRXk+HrpPU1+5pVHSWhnVWRzIaFQ7QuQ==
  
  "@types/hoist-non-react-statics@^3.3.0":
    version "3.3.1"
    resolved "https://registry.yarnpkg.com/@types/hoist-non-react-statics/-/hoist-non-react-statics-3.3.1.tgz#1124aafe5118cb591977aeb1ceaaed1070eb039f"
    integrity sha512-iMIqiko6ooLrTh1joXodJK5X9xeEALT1kM5G3ZLhD3hszxBdIEd5C75U834D9mLcINgD4OyZf5uQXjkuYydWvA==
    dependencies:
      "@types/react" "*"
      hoist-non-react-statics "^3.3.0"
  
  "@types/jump.js@^1.0.2":
    version "1.0.2"
    resolved "https://registry.yarnpkg.com/@types/jump.js/-/jump.js-1.0.2.tgz#9eb1cf571e406bb3514a062008b6889ab9984160"
    integrity sha1-nrHPVx5Aa7NRSgYgCLaImrmYQWA=
  
  "@types/pikaday@^1.7.4":
    version "1.7.4"
    resolved "https://registry.yarnpkg.com/@types/pikaday/-/pikaday-1.7.4.tgz#aa41f928f0f5af31a4a656f471a78177a9260abf"
    integrity sha512-0KsHVyw5pTG829nqG4IRu7m+BFQlFEBdbE/1i3S5182HeKUKv1uEW0gyEmkJVp5i4IV+9pyh23O83+KpRkSQbw==
    dependencies:
      moment ">=2.14.0"
  
  "@types/prop-types@*":
    version "15.7.1"
    resolved "https://registry.yarnpkg.com/@types/prop-types/-/prop-types-15.7.1.tgz#f1a11e7babb0c3cad68100be381d1e064c68f1f6"
    integrity sha512-CFzn9idOEpHrgdw8JsoTkaDDyRWk1jrzIV8djzcgpq0y9tG4B4lFT+Nxh52DVpDXV+n4+NPNv7M1Dj5uMp6XFg==
  
  "@types/react-autocomplete@^1.8.5":
    version "1.8.5"
    resolved "https://registry.yarnpkg.com/@types/react-autocomplete/-/react-autocomplete-1.8.5.tgz#d26a027850cfb963a628145f5745834b06a23884"
    integrity sha512-O9DENAvxh66Bz7ODa9tCYqHBxvw/bALB8FxKWuPIizo3J+0Qx3Et+x9qMwCEsk5pcAxmRk34MFNalyc9thYT6g==
    dependencies:
      "@types/react" "*"
  
  "@types/react-collapse@^4.0.2":
    version "4.0.2"
    resolved "https://registry.yarnpkg.com/@types/react-collapse/-/react-collapse-4.0.2.tgz#891ebb8598a10d2168d5b3bfe5dedb4fb05e6537"
    integrity sha512-hW9T8bPLAf7EZrMapES8YeoByQ2sy8T+QebcoJjOcsdVeqFfjmOlOyApLiIq7kaOeiJ7iiPFoG02VttHMVX5YA==
    dependencies:
      "@types/react" "*"
  
  "@types/react-gtm-module@^2.0.0":
    version "2.0.0"
    resolved "http://localhost:4873/@types%2freact-gtm-module/-/react-gtm-module-2.0.0.tgz#25a118bbcadd518f376ee52626ab0829cb824874"
    integrity sha512-2d7TUhOQBG6cSVSSSWaoSu+Ds84VQFTuVKLeGNc2GtfA7JDr+z3ujl4n/rezaRRNEhjn+9SllwHy1iNxxP8jDg==
  
  "@types/react-redux@^7.1.0":
    version "7.1.0"
    resolved "https://registry.yarnpkg.com/@types/react-redux/-/react-redux-7.1.0.tgz#ed2c90ff192433251bd8a264195529f3613d53e2"
    integrity sha512-SBJd6oNACDU/taMcDzFfj0mbVa+OI42L8WNvgPsCWiWUNIavPLeX5oA22V64tYIDUc7cGmJjDyLlWeCrqpZu1w==
    dependencies:
      "@types/hoist-non-react-statics" "^3.3.0"
      "@types/react" "*"
      hoist-non-react-statics "^3.3.0"
      redux "^4.0.0"
  
  "@types/react@*", "@types/react@^16.8.22":
    version "16.8.22"
    resolved "https://registry.yarnpkg.com/@types/react/-/react-16.8.22.tgz#7f18bf5ea0c1cad73c46b6b1c804a3ce0eec6d54"
    integrity sha512-C3O1yVqk4sUXqWyx0wlys76eQfhrQhiDhDlHBrjER76lR2S2Agiid/KpOU9oCqj1dISStscz7xXz1Cg8+sCQeA==
    dependencies:
      "@types/prop-types" "*"
      csstype "^2.2.0"
  
  "@types/redux-form@^8.1.4":
    version "8.1.4"
    resolved "https://registry.yarnpkg.com/@types/redux-form/-/redux-form-8.1.4.tgz#bfef3552b9fa5a2e42f2938e484279a035b11807"
    integrity sha512-HS/H1O0HZWLPHmTbWqCTDPAOhSkcSq4HcsQVFjFEpJmSYRn79Z3sxfSsMYckxhjvCTdcD+RgyxPa5YJQKovnkQ==
    dependencies:
      "@types/react" "*"
      redux "^3.6.0 || ^4.0.0"
  
  "@types/redux-thunk@^2.1.0":
    version "2.1.0"
    resolved "https://registry.yarnpkg.com/@types/redux-thunk/-/redux-thunk-2.1.0.tgz#bc2b6e972961831afb82a9bf4f06726e351f9416"
    integrity sha1-vCtulylhgxr7gqm/TwZybjUflBY=
    dependencies:
      redux-thunk "*"
  
  "@types/redux@^3.6.0":
    version "3.6.0"
    resolved "https://registry.yarnpkg.com/@types/redux/-/redux-3.6.0.tgz#f1ebe1e5411518072e4fdfca5c76e16e74c1399a"
    integrity sha1-8evh5UEVGAcuT9/KXHbhbnTBOZo=
    dependencies:
      redux "*"
  
  ansi-styles@^3.2.1:
    version "3.2.1"
    resolved "http://localhost:4873/ansi-styles/-/ansi-styles-3.2.1.tgz#41fbb20243e50b12be0f04b8dedbf07520ce841d"
    integrity sha512-VT0ZI6kZRdTh8YyJw3SMbYm/u+NqfsAxEpWO0Pf9sq8/e94WxxOpPKx9FR1FlyCtOVDNOQ+8ntlqFxiRc+r5qA==
    dependencies:
      color-convert "^1.9.0"
  
  argparse@^1.0.7:
    version "1.0.10"
    resolved "http://localhost:4873/argparse/-/argparse-1.0.10.tgz#bcd6791ea5ae09725e17e5ad988134cd40b3d911"
    integrity sha512-o5Roy6tNG4SL/FOkCAN6RzjiakZS25RLYFrcMttJqbdd8BWrnA+fGz57iN5Pb06pvBGvl5gQ0B48dJlslXvoTg==
    dependencies:
      sprintf-js "~1.0.2"
  
  axios@^0.19.0:
    version "0.19.0"
    resolved "https://registry.yarnpkg.com/axios/-/axios-0.19.0.tgz#8e09bff3d9122e133f7b8101c8fbdd00ed3d2ab8"
    integrity sha512-1uvKqKQta3KBxIz14F2v06AEHZ/dIoeKfbTRkK1E5oqjDnuEerLmYTgJB5AiQZHJcljpg1TuRzdjDR06qNk0DQ==
    dependencies:
      follow-redirects "1.5.10"
      is-buffer "^2.0.2"
  
  balanced-match@^1.0.0:
    version "1.0.0"
    resolved "https://registry.yarnpkg.com/balanced-match/-/balanced-match-1.0.0.tgz#89b4d199ab2bee49de164ea02b89ce462d71b767"
    integrity sha1-ibTRmasr7kneFk6gK4nORi1xt2c=
  
  brace-expansion@^1.1.7:
    version "1.1.11"
    resolved "https://registry.yarnpkg.com/brace-expansion/-/brace-expansion-1.1.11.tgz#3c7fcbf529d87226f3d2f52b966ff5271eb441dd"
    integrity sha512-iCuPHDFgrHX7H2vEI/5xpz07zSHB00TpugqhmYtVmMO6518mCuRMoOYFldEBl0g187ufozdaHgWKcYFb61qGiA==
    dependencies:
      balanced-match "^1.0.0"
      concat-map "0.0.1"
  
  classnames@^2.2.6:
    version "2.2.6"
    resolved "https://registry.yarnpkg.com/classnames/-/classnames-2.2.6.tgz#43935bffdd291f326dad0a205309b38d00f650ce"
    integrity sha512-JR/iSQOSt+LQIWwrwEzJ9uk0xfN3mTVYMwt1Ir5mUcSN6pU+V4zQFFaJsclJbPuAUQH+yfWef6tm7l1quW3C8Q==
  
  concat-map@0.0.1:
    version "0.0.1"
    resolved "https://registry.yarnpkg.com/concat-map/-/concat-map-0.0.1.tgz#d8a96bd77fd68df7793a73036a3ba0d5405d477b"
    integrity sha1-2Klr13/Wjfd5OnMDajug1UBdR3s=
  
  csstype@^2.2.0:
    version "2.6.5"
    resolved "https://registry.yarnpkg.com/csstype/-/csstype-2.6.5.tgz#1cd1dff742ebf4d7c991470ae71e12bb6751e034"
    integrity sha512-JsTaiksRsel5n7XwqPAfB0l3TFKdpjW/kgAELf9vrb5adGA7UCPLajKK5s3nFrcFm3Rkyp/Qkgl73ENc1UY3cA==
  
  debug@=3.1.0:
    version "3.1.0"
    resolved "https://registry.yarnpkg.com/debug/-/debug-3.1.0.tgz#5bb5a0672628b64149566ba16819e61518c67261"
    integrity sha512-OX8XqP7/1a9cqkxYw2yXss15f26NKWBpDXQd0/uK/KPqdQhxbPa994hnzjcE2VqQpDslf55723cKPUOGSmMY3g==
    dependencies:
      ms "2.0.0"
  
  decode-uri-component@^0.2.0:
    version "0.2.0"
    resolved "https://registry.yarnpkg.com/decode-uri-component/-/decode-uri-component-0.2.0.tgz#eb3913333458775cb84cd1a1fae062106bb87545"
    integrity sha1-6zkTMzRYd1y4TNGh+uBiEGu4dUU=
  
  diff@^4.0.1:
    version "4.0.2"
    resolved "http://localhost:4873/diff/-/diff-4.0.2.tgz#60f3aecb89d5fae520c11aa19efc2bb982aade7d"
    integrity sha512-58lmxKSA4BNyLz+HHMUzlOEpg09FV+ev6ZMe3vJihgdxzgcwZ8VoEEPmALCZG9LmqfVoNMMKpttIYTVG6uDY7A==
  
  doctrine@0.7.2:
    version "0.7.2"
    resolved "http://localhost:4873/doctrine/-/doctrine-0.7.2.tgz#7cb860359ba3be90e040b26b729ce4bfa654c523"
    integrity sha1-fLhgNZujvpDgQLJrcpzkv6ZUxSM=
    dependencies:
      esutils "^1.1.6"
      isarray "0.0.1"
  
  dom-scroll-into-view@1.0.1:
    version "1.0.1"
    resolved "https://registry.yarnpkg.com/dom-scroll-into-view/-/dom-scroll-into-view-1.0.1.tgz#32abb92f0d8feca6215162aef43e4b449ab8d99c"
    integrity sha1-Mqu5Lw2P7KYhUWKu9D5LRJq42Zw=
  
  es6-error@^4.1.1:
    version "4.1.1"
    resolved "https://registry.yarnpkg.com/es6-error/-/es6-error-4.1.1.tgz#9e3af407459deed47e9a91f9b885a84eb05c561d"
    integrity sha512-Um/+FxMr9CISWh0bi5Zv0iOD+4cFh5qLeks1qhAopKVAJw3drgKbKySikp7wGhDL0HPeaja0P5ULZrxLkniUVg==
  
  escape-string-regexp@^1.0.5:
    version "1.0.5"
    resolved "http://localhost:4873/escape-string-regexp/-/escape-string-regexp-1.0.5.tgz#1b61c0562190a8dff6ae3bb2cf0200ca130b86d4"
    integrity sha1-G2HAViGQqN/2rjuyzwIAyhMLhtQ=
  
  esprima@^4.0.0:
    version "4.0.1"
    resolved "http://localhost:4873/esprima/-/esprima-4.0.1.tgz#13b04cdb3e6c5d19df91ab6987a8695619b0aa71"
    integrity sha512-eGuFFw7Upda+g4p+QHvnW0RyTX/SVeJBDM/gCtMARO0cLuT2HcEKnTPvhjV6aGeqrCB/sbNop0Kszm0jsaWU4A==
  
  esutils@^1.1.6:
    version "1.1.6"
    resolved "http://localhost:4873/esutils/-/esutils-1.1.6.tgz#c01ccaa9ae4b897c6d0c3e210ae52f3c7a844375"
    integrity sha1-wBzKqa5LiXxtDD4hCuUvPHqEQ3U=
  
  esutils@^2.0.2:
    version "2.0.3"
    resolved "http://localhost:4873/esutils/-/esutils-2.0.3.tgz#74d2eb4de0b8da1293711910d50775b9b710ef64"
    integrity sha512-kVscqXk4OCp68SZ0dkgEKVi6/8ij300KBWTJq32P/dYeWTSwK41WyTxalN1eRmA5Z9UU/LX9D7FWSmV9SAYx6g==
  
  follow-redirects@1.5.10:
    version "1.5.10"
    resolved "https://registry.yarnpkg.com/follow-redirects/-/follow-redirects-1.5.10.tgz#7b7a9f9aea2fdff36786a94ff643ed07f4ff5e2a"
    integrity sha512-0V5l4Cizzvqt5D44aTXbFZz+FtyXV1vrDN6qrelxtfYQKW0KO0W2T/hkE8xvGa/540LkZlkaUjO4ailYTFtHVQ==
    dependencies:
      debug "=3.1.0"
  
  fs.realpath@^1.0.0:
    version "1.0.0"
    resolved "https://registry.yarnpkg.com/fs.realpath/-/fs.realpath-1.0.0.tgz#1504ad2523158caa40db4a2787cb01411994ea4f"
    integrity sha1-FQStJSMVjKpA20onh8sBQRmU6k8=
  
  glob@^7.1.3:
    version "7.1.4"
    resolved "https://registry.yarnpkg.com/glob/-/glob-7.1.4.tgz#aa608a2f6c577ad357e1ae5a5c26d9a8d1969255"
    integrity sha512-hkLPepehmnKk41pUGm3sYxoFs/umurYfYJCerbXEyFIWcAzvpipAgVkBqqT9RBKMGjnq6kMuyYwha6csxbiM1A==
    dependencies:
      fs.realpath "^1.0.0"
      inflight "^1.0.4"
      inherits "2"
      minimatch "^3.0.4"
      once "^1.3.0"
      path-is-absolute "^1.0.0"
  
  hoist-non-react-statics@^3.2.1, hoist-non-react-statics@^3.3.0:
    version "3.3.0"
    resolved "https://registry.yarnpkg.com/hoist-non-react-statics/-/hoist-non-react-statics-3.3.0.tgz#b09178f0122184fb95acf525daaecb4d8f45958b"
    integrity sha512-0XsbTXxgiaCDYDIWFcwkmerZPSwywfUqYmwT4jzewKTQSWoE6FCMoUVOeBJWK3E/CrWbxRG3m5GzY4lnIwGRBA==
    dependencies:
      react-is "^16.7.0"
  
  immutability-helper@^3.0.1:
    version "3.0.1"
    resolved "https://registry.yarnpkg.com/immutability-helper/-/immutability-helper-3.0.1.tgz#4f609c5afbf8d78cb297970e8af2fba8b0eda1d6"
    integrity sha512-U92ROQQt7XkIwrdqCByUI118TQM1hXdKnRQpvKeA0HRyGSnJipu9IWHe4UD8zCN00O8UnQjQzPCgZ1CC3yBzHA==
    dependencies:
      invariant "^2.2.4"
  
  immutable@3.8.2:
    version "3.8.2"
    resolved "https://registry.yarnpkg.com/immutable/-/immutable-3.8.2.tgz#c2439951455bb39913daf281376f1530e104adf3"
    integrity sha1-wkOZUUVbs5kT2vKBN28VMOEErfM=
  
  inflight@^1.0.4:
    version "1.0.6"
    resolved "https://registry.yarnpkg.com/inflight/-/inflight-1.0.6.tgz#49bd6331d7d02d0c09bc910a1075ba8165b56df9"
    integrity sha1-Sb1jMdfQLQwJvJEKEHW6gWW1bfk=
    dependencies:
      once "^1.3.0"
      wrappy "1"
  
  inherits@2:
    version "2.0.4"
    resolved "https://registry.yarnpkg.com/inherits/-/inherits-2.0.4.tgz#0fa2c64f932917c3433a0ded55363aae37416b7c"
    integrity sha512-k/vGaX4/Yla3WzyMCvTQOXYeIHvqOKtnqBduzTHpzpQZzAskKMhZ2K+EnBiSM9zGSoIFeMpXKxa4dYeZIQqewQ==
  
  invariant@^2.2.4:
    version "2.2.4"
    resolved "https://registry.yarnpkg.com/invariant/-/invariant-2.2.4.tgz#610f3c92c9359ce1db616e538008d23ff35158e6"
    integrity sha512-phJfQVBuaJM5raOpJjSfkiD6BpbCE4Ns//LaXl6wGYtUBY83nWS6Rf9tXm2e8VaK60JEjYldbPif/A2B1C2gNA==
    dependencies:
      loose-envify "^1.0.0"
  
  inversify@^5.0.0:
    version "5.0.1"
    resolved "http://localhost:4873/inversify/-/inversify-5.0.1.tgz#500d709b1434896ce5a0d58915c4a4210e34fb6e"
    integrity sha512-Ieh06s48WnEYGcqHepdsJUIJUXpwH5o5vodAX+DK2JA/gjy4EbEcQZxw+uFfzysmKjiLXGYwNG3qDZsKVMcINQ==
  
  is-buffer@^2.0.2:
    version "2.0.3"
    resolved "https://registry.yarnpkg.com/is-buffer/-/is-buffer-2.0.3.tgz#4ecf3fcf749cbd1e472689e109ac66261a25e725"
    integrity sha512-U15Q7MXTuZlrbymiz95PJpZxu8IlipAp4dtS3wOdgPXx3mqBnslrWU14kxfHB+Py/+2PVKSr37dMAgM2A4uArw==
  
  is-promise@^2.1.0:
    version "2.1.0"
    resolved "https://registry.yarnpkg.com/is-promise/-/is-promise-2.1.0.tgz#79a2a9ece7f096e80f36d2b2f3bc16c1ff4bf3fa"
    integrity sha1-eaKp7OfwlugPNtKy87wWwf9L8/o=
  
  isarray@0.0.1:
    version "0.0.1"
    resolved "http://localhost:4873/isarray/-/isarray-0.0.1.tgz#8a18acfca9a8f4177e09abfc6038939b05d1eedf"
    integrity sha1-ihis/Kmo9Bd+Cav8YDiTmwXR7t8=
  
  "js-tokens@^3.0.0 || ^4.0.0", js-tokens@^4.0.0:
    version "4.0.0"
    resolved "https://registry.yarnpkg.com/js-tokens/-/js-tokens-4.0.0.tgz#19203fb59991df98e3a287050d4647cdeaf32499"
    integrity sha512-RdJUflcE3cUzKiMqQgsCu06FPu9UdIJO0beYbPhHN4k6apgJtifcoCtT9bcxOpYBtpD2kCM6Sbzg4CausW/PKQ==
  
  js-yaml@^3.13.1:
    version "3.13.1"
    resolved "http://localhost:4873/js-yaml/-/js-yaml-3.13.1.tgz#aff151b30bfdfa8e49e05da22e7415e9dfa37847"
    integrity sha512-YfbcO7jXDdyj0DGxYVSlSeQNHbD7XPWvrVWeVUujrQEoZzWJIRrCPoyk6kL6IAjAG2IolMK4T0hNUe0HOUs5Jw==
    dependencies:
      argparse "^1.0.7"
      esprima "^4.0.0"
  
  jump.js@^1.0.2:
    version "1.0.2"
    resolved "https://registry.yarnpkg.com/jump.js/-/jump.js-1.0.2.tgz#e0641b47f40a38f2139c25fda0500bf28e43015a"
    integrity sha1-4GQbR/QKOPITnCX9oFAL8o5DAVo=
  
  lodash-es@^4.17.11:
    version "4.17.15"
    resolved "https://registry.yarnpkg.com/lodash-es/-/lodash-es-4.17.15.tgz#21bd96839354412f23d7a10340e5eac6ee455d78"
    integrity sha512-rlrc3yU3+JNOpZ9zj5pQtxnx2THmvRykwL4Xlxoa8I9lHBlVbbyPhgyPMioxVZ4NqyxaVVtaJnzsyOidQIhyyQ==
  
  lodash@^4.17.11:
    version "4.17.13"
    resolved "https://registry.yarnpkg.com/lodash/-/lodash-4.17.13.tgz#0bdc3a6adc873d2f4e0c4bac285df91b64fc7b93"
    integrity sha512-vm3/XWXfWtRua0FkUyEHBZy8kCPjErNBT9fJx8Zvs+U6zjqPbTUOpkaoum3O5uiA8sm+yNMHXfYkTUHFoMxFNA==
  
  loose-envify@^1.0.0, loose-envify@^1.1.0, loose-envify@^1.4.0:
    version "1.4.0"
    resolved "https://registry.yarnpkg.com/loose-envify/-/loose-envify-1.4.0.tgz#71ee51fa7be4caec1a63839f7e682d8132d30caf"
    integrity sha512-lyuxPGr/Wfhrlem2CL/UcnUc1zcqKAImBDzukY7Y5F/yQiNdko6+fRLevlw1HgMySw7f611UIY408EtxRSoK3Q==
    dependencies:
      js-tokens "^3.0.0 || ^4.0.0"
  
  minimatch@^3.0.4:
    version "3.0.4"
    resolved "https://registry.yarnpkg.com/minimatch/-/minimatch-3.0.4.tgz#5166e286457f03306064be5497e8dbb0c3d32083"
    integrity sha512-yJHVQEhyqPLUTgt9B83PXu6W3rx4MvvHvSUvToogpwoGDOUQ+yDrR0HRot+yOCdCO7u4hX3pWft6kWBBcqh0UA==
    dependencies:
      brace-expansion "^1.1.7"
  
  moment@>=2.14.0, moment@^2.24.0:
    version "2.24.0"
    resolved "https://registry.yarnpkg.com/moment/-/moment-2.24.0.tgz#0d055d53f5052aa653c9f6eb68bb5d12bf5c2b5b"
    integrity sha512-bV7f+6l2QigeBBZSM/6yTNq4P2fNpSWj/0e7jQcy87A8e7o2nAfP/34/2ky5Vw4B9S446EtIhodAzkFCcR4dQg==
  
  ms@2.0.0:
    version "2.0.0"
    resolved "https://registry.yarnpkg.com/ms/-/ms-2.0.0.tgz#5608aeadfc00be6c2901df5f9861788de0d597c8"
    integrity sha1-VgiurfwAvmwpAd9fmGF4jeDVl8g=
  
  object-assign@^4.1.1:
    version "4.1.1"
    resolved "https://registry.yarnpkg.com/object-assign/-/object-assign-4.1.1.tgz#2109adc7965887cfc05cbbd442cac8bfbb360863"
    integrity sha1-IQmtx5ZYh8/AXLvUQsrIv7s2CGM=
  
  once@^1.3.0:
    version "1.4.0"
    resolved "https://registry.yarnpkg.com/once/-/once-1.4.0.tgz#583b1aa775961d4b113ac17d9c50baef9dd76bd1"
    integrity sha1-WDsap3WWHUsROsF9nFC6753Xa9E=
    dependencies:
      wrappy "1"
  
  path-is-absolute@^1.0.0:
    version "1.0.1"
    resolved "https://registry.yarnpkg.com/path-is-absolute/-/path-is-absolute-1.0.1.tgz#174b9268735534ffbc7ace6bf53a5a9e1b5c5f5f"
    integrity sha1-F0uSaHNVNP+8es5r9TpanhtcX18=
  
  pikaday@^1.8.0:
    version "1.8.0"
    resolved "https://registry.yarnpkg.com/pikaday/-/pikaday-1.8.0.tgz#ce930e257042e852e6aadee1115e01554b2d71c5"
    integrity sha512-SgGxMYX0NHj9oQnMaSyAipr2gOrbB4Lfs/TJTb6H6hRHs39/5c5VZi73Q8hr53+vWjdn6HzkWcj8Vtl3c9ziaA==
  
  prop-types@^15.5.10, prop-types@^15.5.8, prop-types@^15.6.1, prop-types@^15.6.2, prop-types@^15.7.2:
    version "15.7.2"
    resolved "https://registry.yarnpkg.com/prop-types/-/prop-types-15.7.2.tgz#52c41e75b8c87e72b9d9360e0206b99dcbffa6c5"
    integrity sha512-8QQikdH7//R2vurIJSutZ1smHYTcLpRWEOlHnzcWHmBYrOGUysKwSsrC89BCiFj3CbrfJ/nXFdJepOVrY1GCHQ==
    dependencies:
      loose-envify "^1.4.0"
      object-assign "^4.1.1"
      react-is "^16.8.1"
  
  query-string-for-all@^6.8.3:
    version "6.8.3"
    resolved "https://registry.yarnpkg.com/query-string-for-all/-/query-string-for-all-6.8.3.tgz#708e2fdd815924f2071a6efaea2d587211875d19"
    integrity sha512-hoDx7IpD2YPYtRlXjtqgNS2wnmTHEUeTO9EdRmK9LuBDK77F6Ib3ip23AML+2mUgDQZob2ZJNc1Huj/dVk2xMA==
  
  query-string@^6.8.1:
    version "6.8.1"
    resolved "https://registry.yarnpkg.com/query-string/-/query-string-6.8.1.tgz#62c54a7ef37d01b538c8fd56f95740c81d438a26"
    integrity sha512-g6y0Lbq10a5pPQpjlFuojfMfV1Pd2Jw9h75ypiYPPia3Gcq2rgkKiIwbkS6JxH7c5f5u/B/sB+d13PU+g1eu4Q==
    dependencies:
      decode-uri-component "^0.2.0"
      split-on-first "^1.0.0"
      strict-uri-encode "^2.0.0"
  
  react-autocomplete@^1.8.1:
    version "1.8.1"
    resolved "https://registry.yarnpkg.com/react-autocomplete/-/react-autocomplete-1.8.1.tgz#ebbbc400006aa91ad538b2d14727b9e7e5d06310"
    integrity sha1-67vEAABqqRrVOLLRRye55+XQYxA=
    dependencies:
      dom-scroll-into-view "1.0.1"
      prop-types "^15.5.10"
  
  react-collapse@^4.0.3:
    version "4.0.3"
    resolved "https://registry.yarnpkg.com/react-collapse/-/react-collapse-4.0.3.tgz#b96de959ed0092a43534630b599a4753dd76d543"
    integrity sha512-OO4NhtEqFtz+1ma31J1B7+ezdRnzHCZiTGSSd/Pxoks9hxrZYhzFEddeYt05A/1477xTtdrwo7xEa2FLJyWGCQ==
    dependencies:
      prop-types "^15.5.8"
  
  react-ga@^2.6.0:
    version "2.6.0"
    resolved "https://registry.yarnpkg.com/react-ga/-/react-ga-2.6.0.tgz#c3fe830ead2ad25117e1d33280d9698de9b28496"
    integrity sha512-GWHBWZDFjDGMkIk1LzroIn0mNTygKw3adXuqvGvheFZvlbpqMPbHsQsTdQBIxRRdXGQM/Zq+dQLRPKbwIHMTaw==
  
  react-gtm-module@^2.0.8:
    version "2.0.8"
    resolved "http://localhost:4873/react-gtm-module/-/react-gtm-module-2.0.8.tgz#0d37c4f2a4e3a8efa40c76c8b2aa1b7cacc16c6f"
    integrity sha512-OU5FwAHC3gWnnxJ+MLwBMLZO1Pmn1DiVCGHqptwDnNojE3QRrNxjqozkW5cNS4Zp+C6HZ8a4ZIt0QPNlpzua4Q==
  
  react-is@^16.7.0, react-is@^16.8.1, react-is@^16.8.6:
    version "16.8.6"
    resolved "https://registry.yarnpkg.com/react-is/-/react-is-16.8.6.tgz#5bbc1e2d29141c9fbdfed456343fe2bc430a6a16"
    integrity sha512-aUk3bHfZ2bRSVFFbbeVS4i+lNPZr3/WM5jT2J5omUVV1zzcs1nAaf3l51ctA5FFvCRbhrH0bdAsRRQddFJZPtA==
  
  react-lifecycles-compat@^3.0.4:
    version "3.0.4"
    resolved "https://registry.yarnpkg.com/react-lifecycles-compat/-/react-lifecycles-compat-3.0.4.tgz#4f1a273afdfc8f3488a8c516bfda78f872352362"
    integrity sha512-fBASbA6LnOU9dOU2eW7aQ8xmYBSXUIWr+UmF9b1efZBazGNO+rcXT/icdKnYm2pTwcRylVUYwW7H1PHfLekVzA==
  
  react-redux@^7.1.0:
    version "7.1.0"
    resolved "https://registry.yarnpkg.com/react-redux/-/react-redux-7.1.0.tgz#72af7cf490a74acdc516ea9c1dd80e25af9ea0b2"
    integrity sha512-hyu/PoFK3vZgdLTg9ozbt7WF3GgX5+Yn3pZm5/96/o4UueXA+zj08aiSC9Mfj2WtD1bvpIb3C5yvskzZySzzaw==
    dependencies:
      "@babel/runtime" "^7.4.5"
      hoist-non-react-statics "^3.3.0"
      invariant "^2.2.4"
      loose-envify "^1.4.0"
      prop-types "^15.7.2"
      react-is "^16.8.6"
  
  react@^16.8.6:
    version "16.8.6"
    resolved "https://registry.yarnpkg.com/react/-/react-16.8.6.tgz#ad6c3a9614fd3a4e9ef51117f54d888da01f2bbe"
    integrity sha512-pC0uMkhLaHm11ZSJULfOBqV4tIZkx87ZLvbbQYunNixAAvjnC+snJCg0XQXn9VIsttVsbZP/H/ewzgsd5fxKXw==
    dependencies:
      loose-envify "^1.1.0"
      object-assign "^4.1.1"
      prop-types "^15.6.2"
      scheduler "^0.13.6"
  
  redux-form@^8.2.4:
    version "8.2.4"
    resolved "https://registry.yarnpkg.com/redux-form/-/redux-form-8.2.4.tgz#6c21c49e31b473cebe718def03487fc9d4665923"
    integrity sha512-+MMD5XWVUgrtgXBuQiIYtHstPT7Lz0Izuc6vqBr1S9+7HbGgvJg4V5qDr2nigE1V5hKgsqnoAmWOWtzXc9ErZA==
    dependencies:
      "@babel/runtime" "^7.2.0"
      es6-error "^4.1.1"
      hoist-non-react-statics "^3.2.1"
      invariant "^2.2.4"
      is-promise "^2.1.0"
      lodash "^4.17.11"
      lodash-es "^4.17.11"
      prop-types "^15.6.1"
      react-is "^16.7.0"
      react-lifecycles-compat "^3.0.4"
    optionalDependencies:
      immutable "3.8.2"
  
  redux-thunk@*:
    version "2.3.0"
    resolved "https://registry.yarnpkg.com/redux-thunk/-/redux-thunk-2.3.0.tgz#51c2c19a185ed5187aaa9a2d08b666d0d6467622"
    integrity sha512-km6dclyFnmcvxhAcrQV2AkZmPQjzPDjgVlQtR0EQjxZPyJ0BnMf3in1ryuR8A2qU0HldVRfxYXbFSKlI3N7Slw==
  
  redux@*, redux@^4.0.0:
    version "4.0.1"
    resolved "https://registry.yarnpkg.com/redux/-/redux-4.0.1.tgz#436cae6cc40fbe4727689d7c8fae44808f1bfef5"
    integrity sha512-R7bAtSkk7nY6O/OYMVR9RiBI+XghjF9rlbl5806HJbQph0LJVHZrU5oaO4q70eUKiqMRqm4y07KLTlMZ2BlVmg==
    dependencies:
      loose-envify "^1.4.0"
      symbol-observable "^1.2.0"
  
  "redux@^3.6.0 || ^4.0.0":
    version "4.0.3"
    resolved "https://registry.yarnpkg.com/redux/-/redux-4.0.3.tgz#0ca18be085e6cf6ed50e445a125f85e8b26b266b"
    integrity sha512-v/Iaw67Pe+na+cZvcKvPxAKT1ww5kM+M09fmaCndCQC4Lo434AYb5975HJgJlp0D7dJxfYaLxMD4VwfpLOZ1Rw==
    dependencies:
      loose-envify "^1.4.0"
      symbol-observable "^1.2.0"
  
  reflect-metadata@^0.1.12:
    version "0.1.13"
    resolved "http://localhost:4873/reflect-metadata/-/reflect-metadata-0.1.13.tgz#67ae3ca57c972a2aa1642b10fe363fe32d49dc08"
    integrity sha512-Ts1Y/anZELhSsjMcU605fU9RE4Oi3p5ORujwbIKXfWa+0Zxs510Qrmrce5/Jowq3cHSZSJqBjypxmHarc+vEWg==
  
  regenerator-runtime@^0.13.2:
    version "0.13.2"
    resolved "https://registry.yarnpkg.com/regenerator-runtime/-/regenerator-runtime-0.13.2.tgz#32e59c9a6fb9b1a4aff09b4930ca2d4477343447"
    integrity sha512-S/TQAZJO+D3m9xeN1WTI8dLKBBiRgXBlTJvbWjCThHWZj9EvHK70Ff50/tYj2J/fvBY6JtFVwRuazHN2E7M9BA==
  
  rimraf@^3.0.0:
    version "3.0.0"
    resolved "https://registry.yarnpkg.com/rimraf/-/rimraf-3.0.0.tgz#614176d4b3010b75e5c390eb0ee96f6dc0cebb9b"
    integrity sha512-NDGVxTsjqfunkds7CqsOiEnxln4Bo7Nddl3XhS4pXg5OzwkLqJ971ZVAAnB+DDLnF76N+VnDEiBHaVV8I06SUg==
    dependencies:
      glob "^7.1.3"
  
  scheduler@^0.13.6:
    version "0.13.6"
    resolved "https://registry.yarnpkg.com/scheduler/-/scheduler-0.13.6.tgz#466a4ec332467b31a91b9bf74e5347072e4cd889"
    integrity sha512-IWnObHt413ucAYKsD9J1QShUKkbKLQQHdxRyw73sw4FN26iWr3DY/H34xGPe4nmL1DwXyWmSWmMrA9TfQbE/XQ==
    dependencies:
      loose-envify "^1.1.0"
      object-assign "^4.1.1"
  
  semver@^5.3.0:
    version "5.7.1"
    resolved "http://localhost:4873/semver/-/semver-5.7.1.tgz#a954f931aeba508d307bbf069eff0c01c96116f7"
    integrity sha512-sauaDf/PZdVgrLTNYHRtpXa1iRiKcaebiKQ1BJdpQlWH2lCvexQdX55snPFyK7QzpudqbCI0qXFfOasHdyNDGQ==
  
  split-on-first@^1.0.0:
    version "1.1.0"
    resolved "https://registry.yarnpkg.com/split-on-first/-/split-on-first-1.1.0.tgz#f610afeee3b12bce1d0c30425e76398b78249a5f"
    integrity sha512-43ZssAJaMusuKWL8sKUBQXHWOpq8d6CfN/u1p4gUzfJkM05C8rxTmYrkIPTXapZpORA6LkkzcUulJ8FqA7Uudw==
  
  sprintf-js@~1.0.2:
    version "1.0.3"
    resolved "http://localhost:4873/sprintf-js/-/sprintf-js-1.0.3.tgz#04e6926f662895354f3dd015203633b857297e2c"
    integrity sha1-BOaSb2YolTVPPdAVIDYzuFcpfiw=
  
  strict-uri-encode@^2.0.0:
    version "2.0.0"
    resolved "https://registry.yarnpkg.com/strict-uri-encode/-/strict-uri-encode-2.0.0.tgz#b9c7330c7042862f6b142dc274bbcc5866ce3546"
    integrity sha1-ucczDHBChi9rFC3CdLvMWGbONUY=
  
  supports-color@^5.3.0:
    version "5.5.0"
    resolved "http://localhost:4873/supports-color/-/supports-color-5.5.0.tgz#e2e69a44ac8772f78a1ec0b35b689df6530efc8f"
    integrity sha512-QjVjwdXIt408MIiAqCX4oUKsgU2EqAGzs2Ppkm4aQYbjm+ZEWEcW4SfFNTr4uMNZma0ey4f5lgLrkB0aX0QMow==
    dependencies:
      has-flag "^3.0.0"
  
  symbol-observable@^1.2.0:
    version "1.2.0"
    resolved "https://registry.yarnpkg.com/symbol-observable/-/symbol-observable-1.2.0.tgz#c22688aed4eab3cdc2dfeacbb561660560a00804"
    integrity sha512-e900nM8RRtGhlV36KGEU9k65K3mPb1WV70OdjfxlG2EAuM1noi/E/BaW/uMhL7bPEssK8QV57vN3esixjUvcXQ==
  
  tslib@1.9.0:
    version "1.9.0"
    resolved "http://localhost:4873/tslib/-/tslib-1.9.0.tgz#e37a86fda8cbbaf23a057f473c9f4dc64e5fc2e8"
    integrity sha512-f/qGG2tUkrISBlQZEjEqoZ3B2+npJjIf04H1wuAv9iA8i04Icp+61KRXxFdha22670NJopsZCIjhC3SnjPRKrQ==
  
  tslib@^1.10.0, tslib@^1.7.1, tslib@^1.8.1:
    version "1.11.1"
    resolved "http://localhost:4873/tslib/-/tslib-1.11.1.tgz#eb15d128827fbee2841549e171f45ed338ac7e35"
    integrity sha512-aZW88SY8kQbU7gpV19lN24LtXh/yD4ZZg6qieAJDDg+YBsJcSmLGK9QpnUjAKVG/xefmvJGd1WUmfpT/g6AJGA==
  
  tslint-config-airbnb@^5.11.2:
    version "5.11.2"
    resolved "http://localhost:4873/tslint-config-airbnb/-/tslint-config-airbnb-5.11.2.tgz#2f3d239fa3923be8e7a4372217a7ed552671528f"
    integrity sha512-mUpHPTeeCFx8XARGG/kzYP4dPSOgoCqNiYbGHh09qTH8q+Y1ghsOgaeZKYYQT7IyxMos523z/QBaiv2zKNBcow==
    dependencies:
      tslint-consistent-codestyle "^1.14.1"
      tslint-eslint-rules "^5.4.0"
      tslint-microsoft-contrib "~5.2.1"
  
  tslint-consistent-codestyle@^1.14.1:
    version "1.16.0"
    resolved "http://localhost:4873/tslint-consistent-codestyle/-/tslint-consistent-codestyle-1.16.0.tgz#52348ea899a7e025b37cc6545751c6a566a19077"
    integrity sha512-ebR/xHyMEuU36hGNOgCfjGBNYxBPixf0yU1Yoo6s3BrpBRFccjPOmIVaVvQsWAUAMdmfzHOCihVkcaMfimqvHw==
    dependencies:
      "@fimbul/bifrost" "^0.21.0"
      tslib "^1.7.1"
      tsutils "^2.29.0"
  
  tslint-eslint-rules@^5.4.0:
    version "5.4.0"
    resolved "http://localhost:4873/tslint-eslint-rules/-/tslint-eslint-rules-5.4.0.tgz#e488cc9181bf193fe5cd7bfca213a7695f1737b5"
    integrity sha512-WlSXE+J2vY/VPgIcqQuijMQiel+UtmXS+4nvK4ZzlDiqBfXse8FAvkNnTcYhnQyOTW5KFM+uRRGXxYhFpuBc6w==
    dependencies:
      doctrine "0.7.2"
      tslib "1.9.0"
      tsutils "^3.0.0"
  
  tslint-microsoft-contrib@~5.2.1:
    version "5.2.1"
    resolved "http://localhost:4873/tslint-microsoft-contrib/-/tslint-microsoft-contrib-5.2.1.tgz#a6286839f800e2591d041ea2800c77487844ad81"
    integrity sha512-PDYjvpo0gN9IfMULwKk0KpVOPMhU6cNoT9VwCOLeDl/QS8v8W2yspRpFFuUS7/c5EIH/n8ApMi8TxJAz1tfFUA==
    dependencies:
      tsutils "^2.27.2 <2.29.0"
  
  tslint@^6.1.0:
    version "6.1.0"
    resolved "http://localhost:4873/tslint/-/tslint-6.1.0.tgz#c6c611b8ba0eed1549bf5a59ba05a7732133d851"
    integrity sha512-fXjYd/61vU6da04E505OZQGb2VCN2Mq3doeWcOIryuG+eqdmFUXTYVwdhnbEu2k46LNLgUYt9bI5icQze/j0bQ==
    dependencies:
      "@babel/code-frame" "^7.0.0"
      builtin-modules "^1.1.1"
      chalk "^2.3.0"
      commander "^2.12.1"
      diff "^4.0.1"
      glob "^7.1.1"
      js-yaml "^3.13.1"
      minimatch "^3.0.4"
      mkdirp "^0.5.1"
      resolve "^1.3.2"
      semver "^5.3.0"
      tslib "^1.10.0"
      tsutils "^2.29.0"
  
  "tsutils@^2.27.2 <2.29.0":
    version "2.28.0"
    resolved "http://localhost:4873/tsutils/-/tsutils-2.28.0.tgz#6bd71e160828f9d019b6f4e844742228f85169a1"
    integrity sha512-bh5nAtW0tuhvOJnx1GLRn5ScraRLICGyJV5wJhtRWOLsxW70Kk5tZtpK3O/hW6LDnqKS9mlUMPZj9fEMJ0gxqA==
    dependencies:
      tslib "^1.8.1"
  
  tsutils@^2.29.0:
    version "2.29.0"
    resolved "http://localhost:4873/tsutils/-/tsutils-2.29.0.tgz#32b488501467acbedd4b85498673a0812aca0b99"
    integrity sha512-g5JVHCIJwzfISaXpXE1qvNalca5Jwob6FjI4AoPlqMusJ6ftFE7IkkFoMhVLRgK+4Kx3gkzb8UZK5t5yTTvEmA==
    dependencies:
      tslib "^1.8.1"
  
  tsutils@^3.0.0, tsutils@^3.5.0:
    version "3.17.1"
    resolved "http://localhost:4873/tsutils/-/tsutils-3.17.1.tgz#ed719917f11ca0dee586272b2ac49e015a2dd759"
    integrity sha512-kzeQ5B8H3w60nFY2g8cJIuH7JDpsALXySGtwGJ0p2LSjLgay3NdIpqq5SoOBe46bKDW2iq25irHCr8wjomUS2g==
    dependencies:
      tslib "^1.8.1"
  
  typescript@^3.5.1:
    version "3.5.2"
    resolved "https://registry.yarnpkg.com/typescript/-/typescript-3.5.2.tgz#a09e1dc69bc9551cadf17dba10ee42cf55e5d56c"
    integrity sha512-7KxJovlYhTX5RaRbUdkAXN1KUZ8PwWlTzQdHV6xNqvuFOs7+WBo10TQUqT19Q/Jz2hk5v9TQDIhyLhhJY4p5AA==
  
  wrappy@1:
    version "1.0.2"
    resolved "https://registry.yarnpkg.com/wrappy/-/wrappy-1.0.2.tgz#b5243d8f3ec1aa35f1364605bc0d1036e30ab69f"
    integrity sha1-tSQ9jz7BqjXxNkYFvA0QNuMKtp8=
